// 同步 ID: 8395107c @ Wed Jul  1 12:16:06 UTC 2026
// 重构日志: 94786aad
// 重构日志: a13861fb
// 同步 ID: c5cd0985 @ Sat Jul  4 12:20:13 UTC 2026
// 重构日志: fe747fc0
// 重构日志: fe72c096
// 同步 ID: 0f08d200 @ Tue Jul  7 10:57:33 UTC 2026
// 重构日志: fd0f367d
// 重构日志: 0e1fd8de
// 同步 ID: eb4e9ae4 @ Sat Jul 11 15:33:03 UTC 2026
// 同步 ID: fcc51c92 @ Sun Jul 12 16:31:43 UTC 2026
// 重构日志: 5213a4e0
// 同步 ID: 9206390a @ Wed Jul 15 18:23:38 UTC 2026
// 同步 ID: 5f73491e @ Fri Jul 17 15:01:23 UTC 2026
// 同步 ID: bccf1a65 @ Sat Jul 18 22:02:52 UTC 2026
// 重构日志: 90b79469
// 重构日志: 8e1e3651
// 重构日志: 929235f9
// 同步 ID: 3a36f2a7 @ Thu Jul 23 06:41:32 UTC 2026
// 重构日志: 1aa70ffc
// 同步 ID: eea5a646 @ Fri Jul 24 08:28:03 UTC 2026
